<?xml version="1.0" encoding="UTF-8"?>
<!-- Generated by org.testng.reporters.JUnitXMLReporter -->
<testsuite hostname="RahulEvo" ignored="6" name="Default test" tests="1" failures="0" timestamp="2020-06-13T14:51:33 IST" time="71.625" errors="0">
  <testcase name="facebook" time="71.192" classname="qa.run"/>
  <testcase name="replace" time="0.0" classname="qa.run">
    <ignored/>
  </testcase> <!-- replace -->
  <testcase name="calling" time="0.0" classname="qa.run">
    <ignored/>
  </testcase> <!-- calling -->
  <testcase name="sorting" time="0.0" classname="qa.run">
    <ignored/>
  </testcase> <!-- sorting -->
  <testcase name="call" time="0.0" classname="qa.run">
    <ignored/>
  </testcase> <!-- call -->
  <testcase name="number" time="0.0" classname="qa.run">
    <ignored/>
  </testcase> <!-- number -->
  <testcase name="prime" time="0.0" classname="qa.run">
    <ignored/>
  </testcase> <!-- prime -->
</testsuite> <!-- Default test -->
