<?xml version="1.0" encoding="UTF-8"?>
<!-- Generated by org.testng.reporters.JUnitXMLReporter -->
<testsuite hostname="RahulEvo" ignored="4" name="Test" tests="1" failures="0" timestamp="2020-03-16T22:18:25 IST" time="0.409" errors="0">
  <testcase name="number" time="0.046" classname="qa.run"/>
  <testcase name="sorting" time="0.0" classname="qa.run">
    <ignored/>
  </testcase> <!-- sorting -->
  <testcase name="calling" time="0.0" classname="qa.run">
    <ignored/>
  </testcase> <!-- calling -->
  <testcase name="call" time="0.0" classname="qa.run">
    <ignored/>
  </testcase> <!-- call -->
  <testcase name="prime" time="0.0" classname="qa.run">
    <ignored/>
  </testcase> <!-- prime -->
</testsuite> <!-- Test -->
