<?xml version="1.0" encoding="UTF-8"?>
<testng-results skipped="0" failed="0" ignored="6" total="7" passed="1">
  <reporter-output>
  </reporter-output>
  <suite name="Default suite" duration-ms="71625" started-at="2020-06-13T14:50:20 IST" finished-at="2020-06-13T14:51:32 IST">
    <groups>
    </groups>
    <test name="Default test" duration-ms="71625" started-at="2020-06-13T14:50:20 IST" finished-at="2020-06-13T14:51:32 IST">
      <class name="qa.run">
        <test-method status="PASS" signature="facebook()[pri:0, instance:qa.run@711f39f9]" name="facebook" duration-ms="71192" started-at="2020-06-13T14:50:20 IST" finished-at="2020-06-13T14:51:31 IST">
          <reporter-output>
          </reporter-output>
        </test-method> <!-- facebook -->
      </class> <!-- qa.run -->
    </test> <!-- Default test -->
  </suite> <!-- Default suite -->
</testng-results>
